<?xml version="1.0" encoding="UTF-8"?>
<!-- Generated by org.testng.reporters.JUnitReportReporter -->
<testsuite hostname="DESKTOP-GNAS9QF" failures="0" tests="1" name="com.Actitime.TestScripts.CreateCustomer" time="10.430" errors="0" timestamp="2023-06-05T10:14:14 IST" skipped="0">
  <testcase classname="com.Actitime.TestScripts.CreateCustomer" name="createcustomer" time="10.430"/>
  <system-out/>
</testsuite> <!-- com.Actitime.TestScripts.CreateCustomer -->
